{"numFailedTestSuites":1,"numFailedTests":2,"numPassedTestSuites":2,"numPassedTests":3,"numPendingTestSuites":0,"numPendingTests":0,"numRuntimeErrorTestSuites":0,"numTodoTests":0,"numTotalTestSuites":3,"numTotalTests":5,"openHandles":[],"snapshot":{"added":0,"didUpdate":false,"failure":false,"filesAdded":0,"filesRemoved":0,"filesRemovedList":[],"filesUnmatched":0,"filesUpdated":0,"matched":0,"total":0,"unchecked":0,"uncheckedKeysByFile":[],"unmatched":0,"updated":0},"startTime":1727506284298,"success":false,"testResults":[{"assertionResults":[{"ancestorTitles":[],"failureMessages":["TestingLibraryElementError: Unable to find an accessible element with the role \"button\" and name `/Yes/i`\n\nThere are no accessible roles. But there might be some inaccessible roles. If you wish to access them, then set the `hidden` option to `true`. Learn more about this here: https://testing-library.com/docs/dom-testing-library/api-queries#byrole\n\nIgnored nodes: comments, script, style\n\u001b[36m<body>\u001b[39m\n  \u001b[36m<div>\u001b[39m\n    \u001b[36m<div\u001b[39m\n      \u001b[33maria-hidden\u001b[39m=\u001b[32m\"true\"\u001b[39m\n      \u001b[33maria-labelledby\u001b[39m=\u001b[32m\"exampleModalLabel\"\u001b[39m\n      \u001b[33mclass\u001b[39m=\u001b[32m\"modal fade show\"\u001b[39m\n      \u001b[33mid\u001b[39m=\u001b[32m\"DeleteModal\"\u001b[39m\n      \u001b[33mstyle\u001b[39m=\u001b[32m\"display: block;\"\u001b[39m\n      \u001b[33mtabindex\u001b[39m=\u001b[32m\"-1\"\u001b[39m\n    \u001b[36m>\u001b[39m\n      \u001b[36m<div\u001b[39m\n        \u001b[33mclass\u001b[39m=\u001b[32m\"modal-dialog modal-dialog-centered\"\u001b[39m\n        \u001b[33mstyle\u001b[39m=\u001b[32m\"width: 80%; max-width: 80%;\"\u001b[39m\n      \u001b[36m>\u001b[39m\n        \u001b[36m<div\u001b[39m\n          \u001b[33mclass\u001b[39m=\u001b[32m\"modal-content\"\u001b[39m\n          \u001b[33mstyle\u001b[39m=\u001b[32m\"height: 50vh;\"\u001b[39m\n        \u001b[36m>\u001b[39m\n          \u001b[36m<div\u001b[39m\n            \u001b[33mclass\u001b[39m=\u001b[32m\"modal-header bg-danger text-white\"\u001b[39m\n          \u001b[36m>\u001b[39m\n            \u001b[36m<h3\u001b[39m\n              \u001b[33mclass\u001b[39m=\u001b[32m\"modal-title text-center w-100\"\u001b[39m\n            \u001b[36m>\u001b[39m\n              \u001b[0mDelete Task\u001b[0m\n            \u001b[36m</h3>\u001b[39m\n            \u001b[36m<button\u001b[39m\n              \u001b[33maria-label\u001b[39m=\u001b[32m\"Close\"\u001b[39m\n              \u001b[33mclass\u001b[39m=\u001b[32m\"btn-close btn-close-white\"\u001b[39m\n              \u001b[33mdata-bs-dismiss\u001b[39m=\u001b[32m\"modal\"\u001b[39m\n              \u001b[33mtype\u001b[39m=\u001b[32m\"button\"\u001b[39m\n            \u001b[36m/>\u001b[39m\n          \u001b[36m</div>\u001b[39m\n          \u001b[36m<hr />\u001b[39m\n          \u001b[36m<div\u001b[39m\n            \u001b[33mclass\u001b[39m=\u001b[32m\"modal-body\"\u001b[39m\n          \u001b[36m>\u001b[39m\n            \u001b[36m<p>\u001b[39m\n              \u001b[0mDo you want to delete this task?\u001b[0m\n            \u001b[36m</p>\u001b[39m\n          \u001b[36m</div>\u001b[39m\n          \u001b[36m<div\u001b[39m\n            \u001b[33mclass\u001b[39m=\u001b[32m\"modal-footer\"\u001b[39m\n          \u001b[36m>\u001b[39m\n            \u001b[36m<button\u001b[39m\n              \u001b[33maria-label\u001b[39m=\u001b[32m\"No\"\u001b[39m\n              \u001b[33mclass\u001b[39m=\u001b[32m\"btn btn-success\"\u001b[39m\n              \u001b[33mdata-bs-dismiss\u001b[39m=\u001b[32m\"modal\"\u001b[39m\n              \u001b[33mname\u001b[39m=\u001b[32m\"No\"\u001b[39m\n              \u001b[33mtype\u001b[39m=\u001b[32m\"button\"\u001b[39m\n            \u001b[36m>\u001b[39m\n              \u001b[0mNo\u001b[0m\n            \u001b[36m</button>\u001b[39m\n            \u001b[36m<button\u001b[39m\n              \u001b[33maria-label\u001b[39m=\u001b[32m\"Yes\"\u001b[39m\n              \u001b[33mclass\u001b[39m=\u001b[32m\"btn btn-warning\"\u001b[39m\n              \u001b[33mdata-bs-dismiss\u001b[39m=\u001b[32m\"modal\"\u001b[39m\n              \u001b[33mtype\u001b[39m=\u001b[32m\"button\"\u001b[39m\n            \u001b[36m>\u001b[39m\n              \u001b[0mYes\u001b[0m\n            \u001b[36m</button>\u001b[39m\n          \u001b[36m</div>\u001b[39m\n        \u001b[36m</div>\u001b[39m\n      \u001b[36m</div>\u001b[39m\n    \u001b[36m</div>\u001b[39m\n  \u001b[36m</div>\u001b[39m\n\u001b[36m</body>\u001b[39m\n    at Object.getElementError (C:\\data\\ToDoApp\\todo-list\\node_modules\\@testing-library\\dom\\dist\\config.js:37:19)\n    at C:\\data\\ToDoApp\\todo-list\\node_modules\\@testing-library\\dom\\dist\\query-helpers.js:76:38\n    at C:\\data\\ToDoApp\\todo-list\\node_modules\\@testing-library\\dom\\dist\\query-helpers.js:52:17\n    at getByRole (C:\\data\\ToDoApp\\todo-list\\node_modules\\@testing-library\\dom\\dist\\query-helpers.js:95:19)\n    at Object.<anonymous> (C:\\data\\ToDoApp\\todo-list\\src\\test\\deleteTask.test.js:21:26)\n    at Promise.then.completed (C:\\data\\ToDoApp\\todo-list\\node_modules\\jest-circus\\build\\utils.js:391:28)\n    at new Promise (<anonymous>)\n    at callAsyncCircusFn (C:\\data\\ToDoApp\\todo-list\\node_modules\\jest-circus\\build\\utils.js:316:10)\n    at _callCircusTest (C:\\data\\ToDoApp\\todo-list\\node_modules\\jest-circus\\build\\run.js:218:40)\n    at processTicksAndRejections (node:internal/process/task_queues:95:5)\n    at _runTest (C:\\data\\ToDoApp\\todo-list\\node_modules\\jest-circus\\build\\run.js:155:3)\n    at _runTestsForDescribeBlock (C:\\data\\ToDoApp\\todo-list\\node_modules\\jest-circus\\build\\run.js:66:9)\n    at run (C:\\data\\ToDoApp\\todo-list\\node_modules\\jest-circus\\build\\run.js:25:3)\n    at runAndTransformResultsToJestFormat (C:\\data\\ToDoApp\\todo-list\\node_modules\\jest-circus\\build\\legacy-code-todo-rewrite\\jestAdapterInit.js:170:21)\n    at jestAdapter (C:\\data\\ToDoApp\\todo-list\\node_modules\\jest-circus\\build\\legacy-code-todo-rewrite\\jestAdapter.js:82:19)\n    at runTestInternal (C:\\data\\ToDoApp\\todo-list\\node_modules\\jest-runner\\build\\runTest.js:389:16)\n    at runTest (C:\\data\\ToDoApp\\todo-list\\node_modules\\jest-runner\\build\\runTest.js:475:34)\n    at Object.worker (C:\\data\\ToDoApp\\todo-list\\node_modules\\jest-runner\\build\\testWorker.js:133:12)"],"fullName":"calls deleteTask function on confirmation","location":null,"status":"failed","title":"calls deleteTask function on confirmation"},{"ancestorTitles":[],"failureMessages":["TestingLibraryElementError: Unable to find an accessible element with the role \"button\" and name `/No/i`\n\nThere are no accessible roles. But there might be some inaccessible roles. If you wish to access them, then set the `hidden` option to `true`. Learn more about this here: https://testing-library.com/docs/dom-testing-library/api-queries#byrole\n\nIgnored nodes: comments, script, style\n\u001b[36m<body>\u001b[39m\n  \u001b[36m<div>\u001b[39m\n    \u001b[36m<div\u001b[39m\n      \u001b[33maria-hidden\u001b[39m=\u001b[32m\"true\"\u001b[39m\n      \u001b[33maria-labelledby\u001b[39m=\u001b[32m\"exampleModalLabel\"\u001b[39m\n      \u001b[33mclass\u001b[39m=\u001b[32m\"modal fade show\"\u001b[39m\n      \u001b[33mid\u001b[39m=\u001b[32m\"DeleteModal\"\u001b[39m\n      \u001b[33mstyle\u001b[39m=\u001b[32m\"display: block;\"\u001b[39m\n      \u001b[33mtabindex\u001b[39m=\u001b[32m\"-1\"\u001b[39m\n    \u001b[36m>\u001b[39m\n      \u001b[36m<div\u001b[39m\n        \u001b[33mclass\u001b[39m=\u001b[32m\"modal-dialog modal-dialog-centered\"\u001b[39m\n        \u001b[33mstyle\u001b[39m=\u001b[32m\"width: 80%; max-width: 80%;\"\u001b[39m\n      \u001b[36m>\u001b[39m\n        \u001b[36m<div\u001b[39m\n          \u001b[33mclass\u001b[39m=\u001b[32m\"modal-content\"\u001b[39m\n          \u001b[33mstyle\u001b[39m=\u001b[32m\"height: 50vh;\"\u001b[39m\n        \u001b[36m>\u001b[39m\n          \u001b[36m<div\u001b[39m\n            \u001b[33mclass\u001b[39m=\u001b[32m\"modal-header bg-danger text-white\"\u001b[39m\n          \u001b[36m>\u001b[39m\n            \u001b[36m<h3\u001b[39m\n              \u001b[33mclass\u001b[39m=\u001b[32m\"modal-title text-center w-100\"\u001b[39m\n            \u001b[36m>\u001b[39m\n              \u001b[0mDelete Task\u001b[0m\n            \u001b[36m</h3>\u001b[39m\n            \u001b[36m<button\u001b[39m\n              \u001b[33maria-label\u001b[39m=\u001b[32m\"Close\"\u001b[39m\n              \u001b[33mclass\u001b[39m=\u001b[32m\"btn-close btn-close-white\"\u001b[39m\n              \u001b[33mdata-bs-dismiss\u001b[39m=\u001b[32m\"modal\"\u001b[39m\n              \u001b[33mtype\u001b[39m=\u001b[32m\"button\"\u001b[39m\n            \u001b[36m/>\u001b[39m\n          \u001b[36m</div>\u001b[39m\n          \u001b[36m<hr />\u001b[39m\n          \u001b[36m<div\u001b[39m\n            \u001b[33mclass\u001b[39m=\u001b[32m\"modal-body\"\u001b[39m\n          \u001b[36m>\u001b[39m\n            \u001b[36m<p>\u001b[39m\n              \u001b[0mDo you want to delete this task?\u001b[0m\n            \u001b[36m</p>\u001b[39m\n          \u001b[36m</div>\u001b[39m\n          \u001b[36m<div\u001b[39m\n            \u001b[33mclass\u001b[39m=\u001b[32m\"modal-footer\"\u001b[39m\n          \u001b[36m>\u001b[39m\n            \u001b[36m<button\u001b[39m\n              \u001b[33maria-label\u001b[39m=\u001b[32m\"No\"\u001b[39m\n              \u001b[33mclass\u001b[39m=\u001b[32m\"btn btn-success\"\u001b[39m\n              \u001b[33mdata-bs-dismiss\u001b[39m=\u001b[32m\"modal\"\u001b[39m\n              \u001b[33mname\u001b[39m=\u001b[32m\"No\"\u001b[39m\n              \u001b[33mtype\u001b[39m=\u001b[32m\"button\"\u001b[39m\n            \u001b[36m>\u001b[39m\n              \u001b[0mNo\u001b[0m\n            \u001b[36m</button>\u001b[39m\n            \u001b[36m<button\u001b[39m\n              \u001b[33maria-label\u001b[39m=\u001b[32m\"Yes\"\u001b[39m\n              \u001b[33mclass\u001b[39m=\u001b[32m\"btn btn-warning\"\u001b[39m\n              \u001b[33mdata-bs-dismiss\u001b[39m=\u001b[32m\"modal\"\u001b[39m\n              \u001b[33mtype\u001b[39m=\u001b[32m\"button\"\u001b[39m\n            \u001b[36m>\u001b[39m\n              \u001b[0mYes\u001b[0m\n            \u001b[36m</button>\u001b[39m\n          \u001b[36m</div>\u001b[39m\n        \u001b[36m</div>\u001b[39m\n      \u001b[36m</div>\u001b[39m\n    \u001b[36m</div>\u001b[39m\n  \u001b[36m</div>\u001b[39m\n\u001b[36m</body>\u001b[39m\n    at Object.getElementError (C:\\data\\ToDoApp\\todo-list\\node_modules\\@testing-library\\dom\\dist\\config.js:37:19)\n    at C:\\data\\ToDoApp\\todo-list\\node_modules\\@testing-library\\dom\\dist\\query-helpers.js:76:38\n    at C:\\data\\ToDoApp\\todo-list\\node_modules\\@testing-library\\dom\\dist\\query-helpers.js:52:17\n    at getByRole (C:\\data\\ToDoApp\\todo-list\\node_modules\\@testing-library\\dom\\dist\\query-helpers.js:95:19)\n    at Object.<anonymous> (C:\\data\\ToDoApp\\todo-list\\src\\test\\deleteTask.test.js:45:26)\n    at Promise.then.completed (C:\\data\\ToDoApp\\todo-list\\node_modules\\jest-circus\\build\\utils.js:391:28)\n    at new Promise (<anonymous>)\n    at callAsyncCircusFn (C:\\data\\ToDoApp\\todo-list\\node_modules\\jest-circus\\build\\utils.js:316:10)\n    at _callCircusTest (C:\\data\\ToDoApp\\todo-list\\node_modules\\jest-circus\\build\\run.js:218:40)\n    at processTicksAndRejections (node:internal/process/task_queues:95:5)\n    at _runTest (C:\\data\\ToDoApp\\todo-list\\node_modules\\jest-circus\\build\\run.js:155:3)\n    at _runTestsForDescribeBlock (C:\\data\\ToDoApp\\todo-list\\node_modules\\jest-circus\\build\\run.js:66:9)\n    at run (C:\\data\\ToDoApp\\todo-list\\node_modules\\jest-circus\\build\\run.js:25:3)\n    at runAndTransformResultsToJestFormat (C:\\data\\ToDoApp\\todo-list\\node_modules\\jest-circus\\build\\legacy-code-todo-rewrite\\jestAdapterInit.js:170:21)\n    at jestAdapter (C:\\data\\ToDoApp\\todo-list\\node_modules\\jest-circus\\build\\legacy-code-todo-rewrite\\jestAdapter.js:82:19)\n    at runTestInternal (C:\\data\\ToDoApp\\todo-list\\node_modules\\jest-runner\\build\\runTest.js:389:16)\n    at runTest (C:\\data\\ToDoApp\\todo-list\\node_modules\\jest-runner\\build\\runTest.js:475:34)\n    at Object.worker (C:\\data\\ToDoApp\\todo-list\\node_modules\\jest-runner\\build\\testWorker.js:133:12)"],"fullName":"closes the modal on clicking No","location":null,"status":"failed","title":"closes the modal on clicking No"}],"endTime":1727506289180,"message":"\u001b[1m\u001b[31m  \u001b[1m● \u001b[22m\u001b[1mcalls deleteTask function on confirmation\u001b[39m\u001b[22m\n\n    TestingLibraryElementError: Unable to find an accessible element with the role \"button\" and name `/Yes/i`\n\n    There are no accessible roles. But there might be some inaccessible roles. If you wish to access them, then set the `hidden` option to `true`. Learn more about this here: https://testing-library.com/docs/dom-testing-library/api-queries#byrole\n\n    Ignored nodes: comments, script, style\n    \u001b[36m<body>\u001b[39m\n      \u001b[36m<div>\u001b[39m\n        \u001b[36m<div\u001b[39m\n          \u001b[33maria-hidden\u001b[39m=\u001b[32m\"true\"\u001b[39m\n          \u001b[33maria-labelledby\u001b[39m=\u001b[32m\"exampleModalLabel\"\u001b[39m\n          \u001b[33mclass\u001b[39m=\u001b[32m\"modal fade show\"\u001b[39m\n          \u001b[33mid\u001b[39m=\u001b[32m\"DeleteModal\"\u001b[39m\n          \u001b[33mstyle\u001b[39m=\u001b[32m\"display: block;\"\u001b[39m\n          \u001b[33mtabindex\u001b[39m=\u001b[32m\"-1\"\u001b[39m\n        \u001b[36m>\u001b[39m\n          \u001b[36m<div\u001b[39m\n            \u001b[33mclass\u001b[39m=\u001b[32m\"modal-dialog modal-dialog-centered\"\u001b[39m\n            \u001b[33mstyle\u001b[39m=\u001b[32m\"width: 80%; max-width: 80%;\"\u001b[39m\n          \u001b[36m>\u001b[39m\n            \u001b[36m<div\u001b[39m\n              \u001b[33mclass\u001b[39m=\u001b[32m\"modal-content\"\u001b[39m\n              \u001b[33mstyle\u001b[39m=\u001b[32m\"height: 50vh;\"\u001b[39m\n            \u001b[36m>\u001b[39m\n              \u001b[36m<div\u001b[39m\n                \u001b[33mclass\u001b[39m=\u001b[32m\"modal-header bg-danger text-white\"\u001b[39m\n              \u001b[36m>\u001b[39m\n                \u001b[36m<h3\u001b[39m\n                  \u001b[33mclass\u001b[39m=\u001b[32m\"modal-title text-center w-100\"\u001b[39m\n                \u001b[36m>\u001b[39m\n                  \u001b[0mDelete Task\u001b[0m\n                \u001b[36m</h3>\u001b[39m\n                \u001b[36m<button\u001b[39m\n                  \u001b[33maria-label\u001b[39m=\u001b[32m\"Close\"\u001b[39m\n                  \u001b[33mclass\u001b[39m=\u001b[32m\"btn-close btn-close-white\"\u001b[39m\n                  \u001b[33mdata-bs-dismiss\u001b[39m=\u001b[32m\"modal\"\u001b[39m\n                  \u001b[33mtype\u001b[39m=\u001b[32m\"button\"\u001b[39m\n                \u001b[36m/>\u001b[39m\n              \u001b[36m</div>\u001b[39m\n              \u001b[36m<hr />\u001b[39m\n              \u001b[36m<div\u001b[39m\n                \u001b[33mclass\u001b[39m=\u001b[32m\"modal-body\"\u001b[39m\n              \u001b[36m>\u001b[39m\n                \u001b[36m<p>\u001b[39m\n                  \u001b[0mDo you want to delete this task?\u001b[0m\n                \u001b[36m</p>\u001b[39m\n              \u001b[36m</div>\u001b[39m\n              \u001b[36m<div\u001b[39m\n                \u001b[33mclass\u001b[39m=\u001b[32m\"modal-footer\"\u001b[39m\n              \u001b[36m>\u001b[39m\n                \u001b[36m<button\u001b[39m\n                  \u001b[33maria-label\u001b[39m=\u001b[32m\"No\"\u001b[39m\n                  \u001b[33mclass\u001b[39m=\u001b[32m\"btn btn-success\"\u001b[39m\n                  \u001b[33mdata-bs-dismiss\u001b[39m=\u001b[32m\"modal\"\u001b[39m\n                  \u001b[33mname\u001b[39m=\u001b[32m\"No\"\u001b[39m\n                  \u001b[33mtype\u001b[39m=\u001b[32m\"button\"\u001b[39m\n                \u001b[36m>\u001b[39m\n                  \u001b[0mNo\u001b[0m\n                \u001b[36m</button>\u001b[39m\n                \u001b[36m<button\u001b[39m\n                  \u001b[33maria-label\u001b[39m=\u001b[32m\"Yes\"\u001b[39m\n                  \u001b[33mclass\u001b[39m=\u001b[32m\"btn btn-warning\"\u001b[39m\n                  \u001b[33mdata-bs-dismiss\u001b[39m=\u001b[32m\"modal\"\u001b[39m\n                  \u001b[33mtype\u001b[39m=\u001b[32m\"button\"\u001b[39m\n                \u001b[36m>\u001b[39m\n                  \u001b[0mYes\u001b[0m\n                \u001b[36m</button>\u001b[39m\n              \u001b[36m</div>\u001b[39m\n            \u001b[36m</div>\u001b[39m\n          \u001b[36m</div>\u001b[39m\n        \u001b[36m</div>\u001b[39m\n      \u001b[36m</div>\u001b[39m\n    \u001b[36m</body>\u001b[39m\n\u001b[2m\u001b[22m\n\u001b[2m    \u001b[0m \u001b[90m 19 |\u001b[39m\u001b[22m\n\u001b[2m     \u001b[90m 20 |\u001b[39m   \u001b[90m// Click the Yes button to confirm deletion\u001b[39m\u001b[22m\n\u001b[2m    \u001b[31m\u001b[1m>\u001b[22m\u001b[2m\u001b[39m\u001b[90m 21 |\u001b[39m   fireEvent\u001b[33m.\u001b[39mclick(screen\u001b[33m.\u001b[39mgetByRole(\u001b[32m\"button\"\u001b[39m\u001b[33m,\u001b[39m { name\u001b[33m:\u001b[39m \u001b[35m/Yes/i\u001b[39m }))\u001b[33m;\u001b[39m\u001b[22m\n\u001b[2m     \u001b[90m    |\u001b[39m                          \u001b[31m\u001b[1m^\u001b[22m\u001b[2m\u001b[39m\u001b[22m\n\u001b[2m     \u001b[90m 22 |\u001b[39m\u001b[22m\n\u001b[2m     \u001b[90m 23 |\u001b[39m   \u001b[90m// Expect the mock deleteTask function to be called with the correct TaskId\u001b[39m\u001b[22m\n\u001b[2m     \u001b[90m 24 |\u001b[39m   expect(mockDeleteTask)\u001b[33m.\u001b[39mtoHaveBeenCalledWith(mockTaskId)\u001b[33m;\u001b[39m\u001b[0m\u001b[22m\n\u001b[2m\u001b[22m\n\u001b[2m      \u001b[2mat Object.getElementError (\u001b[22m\u001b[2mnode_modules/@testing-library/dom/dist/config.js\u001b[2m:37:19)\u001b[22m\u001b[2m\u001b[22m\n\u001b[2m      \u001b[2mat \u001b[22m\u001b[2mnode_modules/@testing-library/dom/dist/query-helpers.js\u001b[2m:76:38\u001b[22m\u001b[2m\u001b[22m\n\u001b[2m      \u001b[2mat \u001b[22m\u001b[2mnode_modules/@testing-library/dom/dist/query-helpers.js\u001b[2m:52:17\u001b[22m\u001b[2m\u001b[22m\n\u001b[2m      \u001b[2mat getByRole (\u001b[22m\u001b[2mnode_modules/@testing-library/dom/dist/query-helpers.js\u001b[2m:95:19)\u001b[22m\u001b[2m\u001b[22m\n\u001b[2m      \u001b[2mat Object.<anonymous> (\u001b[22m\u001b[2m\u001b[0m\u001b[36msrc/test/deleteTask.test.js\u001b[39m\u001b[0m\u001b[2m:21:26)\u001b[22m\u001b[2m\u001b[22m\n\n\u001b[1m\u001b[31m  \u001b[1m● \u001b[22m\u001b[1mcloses the modal on clicking No\u001b[39m\u001b[22m\n\n    TestingLibraryElementError: Unable to find an accessible element with the role \"button\" and name `/No/i`\n\n    There are no accessible roles. But there might be some inaccessible roles. If you wish to access them, then set the `hidden` option to `true`. Learn more about this here: https://testing-library.com/docs/dom-testing-library/api-queries#byrole\n\n    Ignored nodes: comments, script, style\n    \u001b[36m<body>\u001b[39m\n      \u001b[36m<div>\u001b[39m\n        \u001b[36m<div\u001b[39m\n          \u001b[33maria-hidden\u001b[39m=\u001b[32m\"true\"\u001b[39m\n          \u001b[33maria-labelledby\u001b[39m=\u001b[32m\"exampleModalLabel\"\u001b[39m\n          \u001b[33mclass\u001b[39m=\u001b[32m\"modal fade show\"\u001b[39m\n          \u001b[33mid\u001b[39m=\u001b[32m\"DeleteModal\"\u001b[39m\n          \u001b[33mstyle\u001b[39m=\u001b[32m\"display: block;\"\u001b[39m\n          \u001b[33mtabindex\u001b[39m=\u001b[32m\"-1\"\u001b[39m\n        \u001b[36m>\u001b[39m\n          \u001b[36m<div\u001b[39m\n            \u001b[33mclass\u001b[39m=\u001b[32m\"modal-dialog modal-dialog-centered\"\u001b[39m\n            \u001b[33mstyle\u001b[39m=\u001b[32m\"width: 80%; max-width: 80%;\"\u001b[39m\n          \u001b[36m>\u001b[39m\n            \u001b[36m<div\u001b[39m\n              \u001b[33mclass\u001b[39m=\u001b[32m\"modal-content\"\u001b[39m\n              \u001b[33mstyle\u001b[39m=\u001b[32m\"height: 50vh;\"\u001b[39m\n            \u001b[36m>\u001b[39m\n              \u001b[36m<div\u001b[39m\n                \u001b[33mclass\u001b[39m=\u001b[32m\"modal-header bg-danger text-white\"\u001b[39m\n              \u001b[36m>\u001b[39m\n                \u001b[36m<h3\u001b[39m\n                  \u001b[33mclass\u001b[39m=\u001b[32m\"modal-title text-center w-100\"\u001b[39m\n                \u001b[36m>\u001b[39m\n                  \u001b[0mDelete Task\u001b[0m\n                \u001b[36m</h3>\u001b[39m\n                \u001b[36m<button\u001b[39m\n                  \u001b[33maria-label\u001b[39m=\u001b[32m\"Close\"\u001b[39m\n                  \u001b[33mclass\u001b[39m=\u001b[32m\"btn-close btn-close-white\"\u001b[39m\n                  \u001b[33mdata-bs-dismiss\u001b[39m=\u001b[32m\"modal\"\u001b[39m\n                  \u001b[33mtype\u001b[39m=\u001b[32m\"button\"\u001b[39m\n                \u001b[36m/>\u001b[39m\n              \u001b[36m</div>\u001b[39m\n              \u001b[36m<hr />\u001b[39m\n              \u001b[36m<div\u001b[39m\n                \u001b[33mclass\u001b[39m=\u001b[32m\"modal-body\"\u001b[39m\n              \u001b[36m>\u001b[39m\n                \u001b[36m<p>\u001b[39m\n                  \u001b[0mDo you want to delete this task?\u001b[0m\n                \u001b[36m</p>\u001b[39m\n              \u001b[36m</div>\u001b[39m\n              \u001b[36m<div\u001b[39m\n                \u001b[33mclass\u001b[39m=\u001b[32m\"modal-footer\"\u001b[39m\n              \u001b[36m>\u001b[39m\n                \u001b[36m<button\u001b[39m\n                  \u001b[33maria-label\u001b[39m=\u001b[32m\"No\"\u001b[39m\n                  \u001b[33mclass\u001b[39m=\u001b[32m\"btn btn-success\"\u001b[39m\n                  \u001b[33mdata-bs-dismiss\u001b[39m=\u001b[32m\"modal\"\u001b[39m\n                  \u001b[33mname\u001b[39m=\u001b[32m\"No\"\u001b[39m\n                  \u001b[33mtype\u001b[39m=\u001b[32m\"button\"\u001b[39m\n                \u001b[36m>\u001b[39m\n                  \u001b[0mNo\u001b[0m\n                \u001b[36m</button>\u001b[39m\n                \u001b[36m<button\u001b[39m\n                  \u001b[33maria-label\u001b[39m=\u001b[32m\"Yes\"\u001b[39m\n                  \u001b[33mclass\u001b[39m=\u001b[32m\"btn btn-warning\"\u001b[39m\n                  \u001b[33mdata-bs-dismiss\u001b[39m=\u001b[32m\"modal\"\u001b[39m\n                  \u001b[33mtype\u001b[39m=\u001b[32m\"button\"\u001b[39m\n                \u001b[36m>\u001b[39m\n                  \u001b[0mYes\u001b[0m\n                \u001b[36m</button>\u001b[39m\n              \u001b[36m</div>\u001b[39m\n            \u001b[36m</div>\u001b[39m\n          \u001b[36m</div>\u001b[39m\n        \u001b[36m</div>\u001b[39m\n      \u001b[36m</div>\u001b[39m\n    \u001b[36m</body>\u001b[39m\n\u001b[2m\u001b[22m\n\u001b[2m    \u001b[0m \u001b[90m 43 |\u001b[39m\u001b[22m\n\u001b[2m     \u001b[90m 44 |\u001b[39m   \u001b[90m// Click the No button to cancel deletion\u001b[39m\u001b[22m\n\u001b[2m    \u001b[31m\u001b[1m>\u001b[22m\u001b[2m\u001b[39m\u001b[90m 45 |\u001b[39m   fireEvent\u001b[33m.\u001b[39mclick(screen\u001b[33m.\u001b[39mgetByRole(\u001b[32m\"button\"\u001b[39m\u001b[33m,\u001b[39m { name\u001b[33m:\u001b[39m \u001b[35m/No/i\u001b[39m }))\u001b[33m;\u001b[39m\u001b[22m\n\u001b[2m     \u001b[90m    |\u001b[39m                          \u001b[31m\u001b[1m^\u001b[22m\u001b[2m\u001b[39m\u001b[22m\n\u001b[2m     \u001b[90m 46 |\u001b[39m\u001b[22m\n\u001b[2m     \u001b[90m 47 |\u001b[39m   \u001b[90m// Expect the onClose function to be called\u001b[39m\u001b[22m\n\u001b[2m     \u001b[90m 48 |\u001b[39m   expect(mockOnClose)\u001b[33m.\u001b[39mtoHaveBeenCalled()\u001b[33m;\u001b[39m\u001b[0m\u001b[22m\n\u001b[2m\u001b[22m\n\u001b[2m      \u001b[2mat Object.getElementError (\u001b[22m\u001b[2mnode_modules/@testing-library/dom/dist/config.js\u001b[2m:37:19)\u001b[22m\u001b[2m\u001b[22m\n\u001b[2m      \u001b[2mat \u001b[22m\u001b[2mnode_modules/@testing-library/dom/dist/query-helpers.js\u001b[2m:76:38\u001b[22m\u001b[2m\u001b[22m\n\u001b[2m      \u001b[2mat \u001b[22m\u001b[2mnode_modules/@testing-library/dom/dist/query-helpers.js\u001b[2m:52:17\u001b[22m\u001b[2m\u001b[22m\n\u001b[2m      \u001b[2mat getByRole (\u001b[22m\u001b[2mnode_modules/@testing-library/dom/dist/query-helpers.js\u001b[2m:95:19)\u001b[22m\u001b[2m\u001b[22m\n\u001b[2m      \u001b[2mat Object.<anonymous> (\u001b[22m\u001b[2m\u001b[0m\u001b[36msrc/test/deleteTask.test.js\u001b[39m\u001b[0m\u001b[2m:45:26)\u001b[22m\u001b[2m\u001b[22m\n","name":"C:\\data\\ToDoApp\\todo-list\\src\\test\\deleteTask.test.js","startTime":1727506286342,"status":"failed","summary":""},{"assertionResults":[{"ancestorTitles":["TaskForm Component"],"failureMessages":[],"fullName":"TaskForm Component renders TaskForm and adds a new task","location":null,"status":"passed","title":"renders TaskForm and adds a new task"},{"ancestorTitles":["TaskForm Component"],"failureMessages":[],"fullName":"TaskForm Component renders TaskForm in editing mode","location":null,"status":"passed","title":"renders TaskForm in editing mode"}],"endTime":1727506289538,"message":"","name":"C:\\data\\ToDoApp\\todo-list\\src\\test\\TaskForm.test.js","startTime":1727506286339,"status":"passed","summary":""},{"assertionResults":[{"ancestorTitles":[],"failureMessages":[],"fullName":"renders learn react link","location":null,"status":"passed","title":"renders learn react link"}],"endTime":1727506289542,"message":"","name":"C:\\data\\ToDoApp\\todo-list\\src\\App.test.js","startTime":1727506286347,"status":"passed","summary":""}],"wasInterrupted":false}